


ARM Macro Assembler    Page 1 


    1 00000000         ; /*****************************************************
                       *************************
    2 00000000         ; *  Filename:       startup_cc26x0.s
    3 00000000         ; *  Revised:        $Date: 2015-03-25 13:15:13 +0100 (o
                       n, 25 mar 2015) $
    4 00000000         ; *  Revision:       $Revision: 35761 $
    5 00000000         ; *
    6 00000000         ; *  Description:    Startup code for CC26xx device fami
                       ly for use with IAR.
    7 00000000         ; *
    8 00000000         ; *  Copyright (C) 2014 Texas Instruments Incorporated -
                        http://www.ti.com/
    9 00000000         ; *
   10 00000000         ; *
   11 00000000         ; *  Redistribution and use in source and binary forms, 
                       with or without
   12 00000000         ; *  modification, are permitted provided that the follo
                       wing conditions
   13 00000000         ; *  are met:
   14 00000000         ; *
   15 00000000         ; *    Redistributions of source code must retain the ab
                       ove copyright
   16 00000000         ; *    notice, this list of conditions and the following
                        disclaimer.
   17 00000000         ; *
   18 00000000         ; *    Redistributions in binary form must reproduce the
                        above copyright
   19 00000000         ; *    notice, this list of conditions and the following
                        disclaimer in the
   20 00000000         ; *    documentation and/or other materials provided wit
                       h the distribution.
   21 00000000         ; *
   22 00000000         ; *    Neither the name of Texas Instruments Incorporate
                       d nor the names of
   23 00000000         ; *    its contributors may be used to endorse or promot
                       e products derived
   24 00000000         ; *    from this software without specific prior written
                        permission.
   25 00000000         ; *
   26 00000000         ; *  THIS SOFTWARE IS PROVIDED BY THE COPYRIGHT HOLDERS 
                       AND CONTRIBUTORS
   27 00000000         ; *  "AS IS" AND ANY EXPRESS OR IMPLIED WARRANTIES, INCL
                       UDING, BUT NOT
   28 00000000         ; *  LIMITED TO, THE IMPLIED WARRANTIES OF MERCHANTABILI
                       TY AND FITNESS FOR
   29 00000000         ; *  A PARTICULAR PURPOSE ARE DISCLAIMED. IN NO EVENT SH
                       ALL THE COPYRIGHT
   30 00000000         ; *  OWNER OR CONTRIBUTORS BE LIABLE FOR ANY DIRECT, IND
                       IRECT, INCIDENTAL,
   31 00000000         ; *  SPECIAL, EXEMPLARY, OR CONSEQUENTIAL DAMAGES (INCLU
                       DING, BUT NOT
   32 00000000         ; *  LIMITED TO, PROCUREMENT OF SUBSTITUTE GOODS OR SERV
                       ICES; LOSS OF USE,
   33 00000000         ; *  DATA, OR PROFITS; OR BUSINESS INTERRUPTION) HOWEVER
                        CAUSED AND ON ANY
   34 00000000         ; *  THEORY OF LIABILITY, WHETHER IN CONTRACT, STRICT LI
                       ABILITY, OR TORT
   35 00000000         ; *  (INCLUDING NEGLIGENCE OR OTHERWISE) ARISING IN ANY 
                       WAY OUT OF THE USE



ARM Macro Assembler    Page 2 


   36 00000000         ; *  OF THIS SOFTWARE, EVEN IF ADVISED OF THE POSSIBILIT
                       Y OF SUCH DAMAGE.
   37 00000000         ; *
   38 00000000         ; ******************************************************
                       ************************/
   39 00000000         ;// <<< Use Configuration Wizard in Context Menu >>>
   40 00000000         ;*/
   41 00000000         
   42 00000000         
   43 00000000         ; <h> Stack Configuration
   44 00000000         ;   <o> Stack Size (in Bytes) <0x0-0xFFFFFFFF:8>
   45 00000000         ; </h>
   46 00000000         
   47 00000000 00000200 
                       Stack_Size
                               EQU              0x00000200
   48 00000000         
   49 00000000                 AREA             STACK, NOINIT, READWRITE, ALIGN
=3
   50 00000000         Stack_Mem
                               SPACE            Stack_Size
   51 00000200         __initial_sp
   52 00000200         
   53 00000200         
   54 00000200         ; <h> Heap Configuration
   55 00000200         ;   <o>  Heap Size (in Bytes) <0x0-0xFFFFFFFF:8>
   56 00000200         ; </h>
   57 00000200         
   58 00000200 00000000 
                       Heap_Size
                               EQU              0x00000000
   59 00000200         
   60 00000200                 AREA             HEAP, NOINIT, READWRITE, ALIGN=
3
   61 00000000         __heap_base
   62 00000000         Heap_Mem
                               SPACE            Heap_Size
   63 00000000         __heap_limit
   64 00000000         
   65 00000000         
   66 00000000                 PRESERVE8
   67 00000000                 THUMB
   68 00000000         ;// <<< end of configuration section >>>
   69 00000000         
   70 00000000         ; Vector Table Mapped to Address 0 at Reset
   71 00000000         
   72 00000000                 AREA             RESET, DATA, READONLY
   73 00000000                 EXPORT           __Vectors
   74 00000000                 EXPORT           __Vectors_End
   75 00000000                 EXPORT           __Vectors_Size
   76 00000000         
   77 00000000 00000000 
                       __Vectors
                               DCD              __initial_sp ; Top of Stack
   78 00000004 00000000        DCD              ResetISR    ; Reset Handler
   79 00000008 00000000        DCD              NmiSR       ; NMI Handler
   80 0000000C 00000000        DCD              FaultISR    ; Hard Fault Handle
                                                            r
   81 00000010 00000000        DCD              MPUFaultIntHandler ; The MPU fa



ARM Macro Assembler    Page 3 


                                                            ult handler
   82 00000014 00000000        DCD              BusFaultIntHandler ; The bus fa
                                                            ult handler
   83 00000018 00000000        DCD              UsageFaultIntHandler ; The usag
                                                            e fault handler
   84 0000001C 00000000        DCD              0           ; Reserved
   85 00000020 00000000        DCD              0           ; Reserved
   86 00000024 00000000        DCD              0           ; Reserved
   87 00000028 00000000        DCD              0           ; Reserved
   88 0000002C 00000000        DCD              SVCallIntHandler 
                                                            ; SVCall Handler
   89 00000030 00000000        DCD              DebugMonIntHandler ; Debug moni
                                                            tor handler
   90 00000034 00000000        DCD              0           ; Reserved
   91 00000038 00000000        DCD              PendSVIntHandler 
                                                            ; PendSV Handler
   92 0000003C 00000000        DCD              SysTickIntHandler 
                                                            ; SysTick Handler
   93 00000040         
   94 00000040         ; External Interrupts
   95 00000040 00000000        DCD              GPIOIntHandler 
                                                            ; 0 AON edge detect
                                                            
   96 00000044 00000000        DCD              I2CIntHandler ; 1 I2C
   97 00000048 00000000        DCD              RFCCPE1IntHandler ; 2 RF Core C
                                                            ommand & Packet Eng
                                                            ine 1
   98 0000004C 00000000        DCD              AONIntHandler ; 3 AON SpiSplave
                                                             Rx, Tx and CS
   99 00000050 00000000        DCD              AONRTCIntHandler ; 4 AON RTC
  100 00000054 00000000        DCD              UART0IntHandler 
                                                            ; 5 UART0 Rx and Tx
                                                            
  101 00000058 00000000        DCD              IntDefaultHandler ; 6 AUX softw
                                                            are event 0
  102 0000005C 00000000        DCD              SSI0IntHandler 
                                                            ; 7 SSI0 Rx and Tx
  103 00000060 00000000        DCD              SSI1IntHandler 
                                                            ; 8 SSI1 Rx and Tx
  104 00000064 00000000        DCD              RFCCPE0IntHandler ; 9 RF Core C
                                                            ommand & Packet Eng
                                                            ine 0
  105 00000068 00000000        DCD              RFCHardwareIntHandler ; 10 RF C
                                                            ore Hardware
  106 0000006C 00000000        DCD              RFCCmdAckIntHandler ; 11 RF Cor
                                                            e Command Acknowled
                                                            ge
  107 00000070 00000000        DCD              I2SIntHandler ; 12 I2S
  108 00000074 00000000        DCD              IntDefaultHandler ; 13 AUX soft
                                                            ware event 1
  109 00000078 00000000        DCD              WatchdogIntHandler 
                                                            ; 14 Watchdog timer
                                                            
  110 0000007C 00000000        DCD              Timer0AIntHandler ; 15 Timer 0 
                                                            subtimer A
  111 00000080 00000000        DCD              Timer0BIntHandler ; 16 Timer 0 
                                                            subtimer B
  112 00000084 00000000        DCD              Timer1AIntHandler ; 17 Timer 1 
                                                            subtimer A



ARM Macro Assembler    Page 4 


  113 00000088 00000000        DCD              Timer1BIntHandler ; 18 Timer 1 
                                                            subtimer B
  114 0000008C 00000000        DCD              Timer2AIntHandler ; 19 Timer 2 
                                                            subtimer A
  115 00000090 00000000        DCD              Timer2BIntHandler ; 20 Timer 2 
                                                            subtimer B
  116 00000094 00000000        DCD              Timer3AIntHandler ; 21 Timer 3 
                                                            subtimer A
  117 00000098 00000000        DCD              Timer3BIntHandler ; 22 Timer 3 
                                                            subtimer B
  118 0000009C 00000000        DCD              CryptoIntHandler ; 23 Crypto Co
                                                            re Result available
                                                            
  119 000000A0 00000000        DCD              uDMAIntHandler 
                                                            ; 24 uDMA Software
  120 000000A4 00000000        DCD              uDMAErrIntHandler 
                                                            ; 25 uDMA Error
  121 000000A8 00000000        DCD              FlashIntHandler ; 26 Flash cont
                                                            roller
  122 000000AC 00000000        DCD              SWEvent0IntHandler ; 27 Softwar
                                                            e Event 0
  123 000000B0 00000000        DCD              AUXCombEventIntHandler ; 28 AUX
                                                             combined event
  124 000000B4 00000000        DCD              AONProgIntHandler ; 29 AON prog
                                                            rammable 0
  125 000000B8 00000000        DCD              DynProgIntHandler ; 30 Dynamic 
                                                            Programmable interr
                                                            upt
  126 000000BC         ;    source (Default: PRCM)
  127 000000BC 00000000        DCD              AUXCompAIntHandler ; 31 AUX Com
                                                            parator A
  128 000000C0 00000000        DCD              AUXADCIntHandler ; 32 AUX ADC n
                                                            ew sample or ADC DM
                                                            A
  129 000000C4         ;    done, ADC underflow, ADC overflow
  130 000000C4 00000000        DCD              TRNGIntHandler ; 33 TRNG event
  131 000000C8         __Vectors_End
  132 000000C8         
  133 000000C8 000000C8 
                       __Vectors_Size
                               EQU              __Vectors_End - __Vectors
  134 000000C8         
  135 000000C8                 AREA             |.text|, CODE, READONLY
  136 00000000         
  137 00000000         
  138 00000000         ; Reset Handler
  139 00000000         
  140 00000000         ResetISR
                               PROC
  141 00000000                 EXPORT           ResetISR                  [WEAK
]
  142 00000000                 IMPORT           trimDevice
  143 00000000                 IMPORT           __main
  144 00000000         ; Final trim of device (setup.c in CC26xxWare)
  145 00000000 480A            LDR              R0, =trimDevice
  146 00000002 4780            BLX              R0
  147 00000004         ; Jump to initialization routine
  148 00000004 480A            LDR              R0, =__main
  149 00000006 4700            BX               R0



ARM Macro Assembler    Page 5 


  150 00000008         ; If we ever return, signal error
  151 00000008 480A            LDR              R0, =FaultISR
  152 0000000A 4700            BX               R0
  153 0000000C                 ENDP
  154 0000000C         
  155 0000000C         
  156 0000000C         ; Dummy Exception Handlers (infinite loops which can be 
                       modified)
  157 0000000C         
  158 0000000C         NmiSR   PROC
  159 0000000C                 EXPORT           NmiSR                     [WEAK
]
  160 0000000C E7FE            B                .
  161 0000000E                 ENDP
  162 0000000E         FaultISR
                               PROC
  163 0000000E                 EXPORT           FaultISR                  [WEAK
]
  164 0000000E E7FE            B                .
  165 00000010                 ENDP
  167 00000010         MPUFaultIntHandler
                               PROC
  168 00000010                 EXPORT           MPUFaultIntHandler        [WEAK
]
  169 00000010 E7FE            B                .
  170 00000012                 ENDP
  172 00000012         BusFaultIntHandler
                               PROC
  173 00000012                 EXPORT           BusFaultIntHandler        [WEAK
]
  174 00000012 E7FE            B                .
  175 00000014                 ENDP
  177 00000014         UsageFaultIntHandler
                               PROC
  178 00000014                 EXPORT           UsageFaultIntHandler      [WEAK
]
  179 00000014 E7FE            B                .
  180 00000016                 ENDP
  182 00000016         SVCallIntHandler
                               PROC
  183 00000016                 EXPORT           SVCallIntHandler          [WEAK
]
  184 00000016 E7FE            B                .
  185 00000018                 ENDP
  187 00000018         DebugMonIntHandler
                               PROC
  188 00000018                 EXPORT           DebugMonIntHandler        [WEAK
]
  189 00000018 E7FE            B                .
  190 0000001A                 ENDP
  192 0000001A         PendSVIntHandler
                               PROC
  193 0000001A                 EXPORT           PendSVIntHandler          [WEAK
]
  194 0000001A E7FE            B                .
  195 0000001C                 ENDP
  197 0000001C         SysTickIntHandler
                               PROC
  198 0000001C                 EXPORT           SysTickIntHandler         [WEAK



ARM Macro Assembler    Page 6 


]
  199 0000001C E7FE            B                .
  200 0000001E                 ENDP
  201 0000001E         
  203 0000001E         IntDefaultHandler
                               PROC
  204 0000001E                 EXPORT           GPIOIntHandler            [WEAK
]
  205 0000001E                 EXPORT           I2CIntHandler             [WEAK
]
  206 0000001E                 EXPORT           RFCCPE1IntHandler         [WEAK
]
  207 0000001E                 EXPORT           AONIntHandler             [WEAK
]
  208 0000001E                 EXPORT           AONRTCIntHandler          [WEAK
]
  209 0000001E                 EXPORT           UART0IntHandler           [WEAK
]
  210 0000001E                 EXPORT           SSI0IntHandler            [WEAK
]
  211 0000001E                 EXPORT           SSI1IntHandler            [WEAK
]
  212 0000001E                 EXPORT           RFCCPE0IntHandler         [WEAK
]
  213 0000001E                 EXPORT           RFCHardwareIntHandler     [WEAK
]
  214 0000001E                 EXPORT           RFCCmdAckIntHandler       [WEAK
]
  215 0000001E                 EXPORT           I2SIntHandler             [WEAK
]
  216 0000001E                 EXPORT           WatchdogIntHandler        [WEAK
]
  217 0000001E                 EXPORT           Timer0AIntHandler         [WEAK
]
  218 0000001E                 EXPORT           Timer0BIntHandler         [WEAK
]
  219 0000001E                 EXPORT           Timer1AIntHandler         [WEAK
]
  220 0000001E                 EXPORT           Timer1BIntHandler         [WEAK
]
  221 0000001E                 EXPORT           Timer2AIntHandler         [WEAK
]
  222 0000001E                 EXPORT           Timer2BIntHandler         [WEAK
]
  223 0000001E                 EXPORT           Timer3AIntHandler         [WEAK
]
  224 0000001E                 EXPORT           Timer3BIntHandler         [WEAK
]
  225 0000001E                 EXPORT           CryptoIntHandler          [WEAK
]
  226 0000001E                 EXPORT           uDMAIntHandler            [WEAK
]
  227 0000001E                 EXPORT           uDMAErrIntHandler         [WEAK
]
  228 0000001E                 EXPORT           FlashIntHandler           [WEAK
]
  229 0000001E                 EXPORT           SWEvent0IntHandler        [WEAK
]
  230 0000001E                 EXPORT           AUXCombEventIntHandler    [WEAK



ARM Macro Assembler    Page 7 


]
  231 0000001E                 EXPORT           AONProgIntHandler         [WEAK
]
  232 0000001E                 EXPORT           DynProgIntHandler         [WEAK
]
  233 0000001E                 EXPORT           AUXCompAIntHandler        [WEAK
]
  234 0000001E                 EXPORT           AUXADCIntHandler          [WEAK
]
  235 0000001E                 EXPORT           TRNGIntHandler            [WEAK
]
  236 0000001E         GPIOIntHandler
  237 0000001E         I2CIntHandler
  238 0000001E         RFCCPE1IntHandler
  239 0000001E         AONIntHandler
  240 0000001E         AONRTCIntHandler
  241 0000001E         UART0IntHandler
  242 0000001E         SSI0IntHandler
  243 0000001E         SSI1IntHandler
  244 0000001E         RFCCPE0IntHandler
  245 0000001E         RFCHardwareIntHandler
  246 0000001E         RFCCmdAckIntHandler
  247 0000001E         I2SIntHandler
  248 0000001E         WatchdogIntHandler
  249 0000001E         Timer0AIntHandler
  250 0000001E         Timer0BIntHandler
  251 0000001E         Timer1AIntHandler
  252 0000001E         Timer1BIntHandler
  253 0000001E         Timer2AIntHandler
  254 0000001E         Timer2BIntHandler
  255 0000001E         Timer3AIntHandler
  256 0000001E         Timer3BIntHandler
  257 0000001E         CryptoIntHandler
  258 0000001E         uDMAIntHandler
  259 0000001E         uDMAErrIntHandler
  260 0000001E         FlashIntHandler
  261 0000001E         SWEvent0IntHandler
  262 0000001E         AUXCombEventIntHandler
  263 0000001E         AONProgIntHandler
  264 0000001E         DynProgIntHandler
  265 0000001E         AUXCompAIntHandler
  266 0000001E         AUXADCIntHandler
  267 0000001E         TRNGIntHandler
  268 0000001E E7FE            B                .
  269 00000020                 ENDP
  270 00000020         
  271 00000020         
  272 00000020                 ALIGN
  273 00000020         
  274 00000020         
  275 00000020         ; User Initial Stack & Heap
  276 00000020         
  277 00000020                 IF               :DEF:__MICROLIB
  284 00000020         
  285 00000020                 IMPORT           __use_two_region_memory
  286 00000020                 EXPORT           __user_initial_stackheap
  287 00000020         __user_initial_stackheap
  288 00000020         
  289 00000020 4805            LDR              R0, =  Heap_Mem



ARM Macro Assembler    Page 8 


  290 00000022 4906            LDR              R1, =(Stack_Mem + Stack_Size)
  291 00000024 4A04            LDR              R2, = (Heap_Mem +  Heap_Size)
  292 00000026 4B06            LDR              R3, = Stack_Mem
  293 00000028 4770            BX               LR
  294 0000002A         
  295 0000002A 00 00           ALIGN
  296 0000002C         
  297 0000002C                 ENDIF
  298 0000002C         
  299 0000002C         
  300 0000002C                 END
              00000000 
              00000000 
              00000000 
              00000000 
              00000200 
              00000000 
Command Line: --debug --xref --diag_suppress=9931 --cpu=Cortex-M3 --apcs=interw
ork --depend=.\startup_cc26x0.d -o.\startup_cc26x0.o -IC:\Users\Hotriver\Deskto
p\新建文件夹\PortingContest\PortingContest\PortingContest_LAUNCHXL-CC2640R2_for
lock\LiteOS_Kernel-master\projects\LAUNCHXL-CC2640R2-KEIL\RTE -I"D:\Program Fil
es (x86)\Keil\MDK\PACK\TexasInstruments\CC13xxCC26xx\0.0.2\Device\Include" -I"D
:\Program Files (x86)\Keil\MDK\ARM\CMSIS\Include" --predefine="__UVISION_VERSIO
N SETA 517" --list=.\startup_cc26x0.lst ..\..\platform\LAUNCHXL-CC2640R2\librar
y\Startup\startup_cc26x0.s



ARM Macro Assembler    Page 1 Alphabetic symbol ordering
Relocatable symbols

STACK 00000000

Symbol: STACK
   Definitions
      At line 49 in file ..\..\platform\LAUNCHXL-CC2640R2\library\Startup\start
up_cc26x0.s
   Uses
      None
Comment: STACK unused
Stack_Mem 00000000

Symbol: Stack_Mem
   Definitions
      At line 50 in file ..\..\platform\LAUNCHXL-CC2640R2\library\Startup\start
up_cc26x0.s
   Uses
      At line 290 in file ..\..\platform\LAUNCHXL-CC2640R2\library\Startup\star
tup_cc26x0.s
      At line 292 in file ..\..\platform\LAUNCHXL-CC2640R2\library\Startup\star
tup_cc26x0.s

__initial_sp 00000200

Symbol: __initial_sp
   Definitions
      At line 51 in file ..\..\platform\LAUNCHXL-CC2640R2\library\Startup\start
up_cc26x0.s
   Uses
      At line 77 in file ..\..\platform\LAUNCHXL-CC2640R2\library\Startup\start
up_cc26x0.s
Comment: __initial_sp used once
3 symbols



ARM Macro Assembler    Page 1 Alphabetic symbol ordering
Relocatable symbols

HEAP 00000000

Symbol: HEAP
   Definitions
      At line 60 in file ..\..\platform\LAUNCHXL-CC2640R2\library\Startup\start
up_cc26x0.s
   Uses
      None
Comment: HEAP unused
Heap_Mem 00000000

Symbol: Heap_Mem
   Definitions
      At line 62 in file ..\..\platform\LAUNCHXL-CC2640R2\library\Startup\start
up_cc26x0.s
   Uses
      At line 289 in file ..\..\platform\LAUNCHXL-CC2640R2\library\Startup\star
tup_cc26x0.s
      At line 291 in file ..\..\platform\LAUNCHXL-CC2640R2\library\Startup\star
tup_cc26x0.s

__heap_base 00000000

Symbol: __heap_base
   Definitions
      At line 61 in file ..\..\platform\LAUNCHXL-CC2640R2\library\Startup\start
up_cc26x0.s
   Uses
      None
Comment: __heap_base unused
__heap_limit 00000000

Symbol: __heap_limit
   Definitions
      At line 63 in file ..\..\platform\LAUNCHXL-CC2640R2\library\Startup\start
up_cc26x0.s
   Uses
      None
Comment: __heap_limit unused
4 symbols



ARM Macro Assembler    Page 1 Alphabetic symbol ordering
Relocatable symbols

RESET 00000000

Symbol: RESET
   Definitions
      At line 72 in file ..\..\platform\LAUNCHXL-CC2640R2\library\Startup\start
up_cc26x0.s
   Uses
      None
Comment: RESET unused
__Vectors 00000000

Symbol: __Vectors
   Definitions
      At line 77 in file ..\..\platform\LAUNCHXL-CC2640R2\library\Startup\start
up_cc26x0.s
   Uses
      At line 73 in file ..\..\platform\LAUNCHXL-CC2640R2\library\Startup\start
up_cc26x0.s
      At line 133 in file ..\..\platform\LAUNCHXL-CC2640R2\library\Startup\star
tup_cc26x0.s

__Vectors_End 000000C8

Symbol: __Vectors_End
   Definitions
      At line 131 in file ..\..\platform\LAUNCHXL-CC2640R2\library\Startup\star
tup_cc26x0.s
   Uses
      At line 74 in file ..\..\platform\LAUNCHXL-CC2640R2\library\Startup\start
up_cc26x0.s
      At line 133 in file ..\..\platform\LAUNCHXL-CC2640R2\library\Startup\star
tup_cc26x0.s

3 symbols



ARM Macro Assembler    Page 1 Alphabetic symbol ordering
Relocatable symbols

.text 00000000

Symbol: .text
   Definitions
      At line 135 in file ..\..\platform\LAUNCHXL-CC2640R2\library\Startup\star
tup_cc26x0.s
   Uses
      None
Comment: .text unused
AONIntHandler 0000001E

Symbol: AONIntHandler
   Definitions
      At line 239 in file ..\..\platform\LAUNCHXL-CC2640R2\library\Startup\star
tup_cc26x0.s
   Uses
      At line 98 in file ..\..\platform\LAUNCHXL-CC2640R2\library\Startup\start
up_cc26x0.s
      At line 207 in file ..\..\platform\LAUNCHXL-CC2640R2\library\Startup\star
tup_cc26x0.s

AONProgIntHandler 0000001E

Symbol: AONProgIntHandler
   Definitions
      At line 263 in file ..\..\platform\LAUNCHXL-CC2640R2\library\Startup\star
tup_cc26x0.s
   Uses
      At line 124 in file ..\..\platform\LAUNCHXL-CC2640R2\library\Startup\star
tup_cc26x0.s
      At line 231 in file ..\..\platform\LAUNCHXL-CC2640R2\library\Startup\star
tup_cc26x0.s

AONRTCIntHandler 0000001E

Symbol: AONRTCIntHandler
   Definitions
      At line 240 in file ..\..\platform\LAUNCHXL-CC2640R2\library\Startup\star
tup_cc26x0.s
   Uses
      At line 99 in file ..\..\platform\LAUNCHXL-CC2640R2\library\Startup\start
up_cc26x0.s
      At line 208 in file ..\..\platform\LAUNCHXL-CC2640R2\library\Startup\star
tup_cc26x0.s

AUXADCIntHandler 0000001E

Symbol: AUXADCIntHandler
   Definitions
      At line 266 in file ..\..\platform\LAUNCHXL-CC2640R2\library\Startup\star
tup_cc26x0.s
   Uses
      At line 128 in file ..\..\platform\LAUNCHXL-CC2640R2\library\Startup\star
tup_cc26x0.s
      At line 234 in file ..\..\platform\LAUNCHXL-CC2640R2\library\Startup\star
tup_cc26x0.s

AUXCombEventIntHandler 0000001E




ARM Macro Assembler    Page 2 Alphabetic symbol ordering
Relocatable symbols

Symbol: AUXCombEventIntHandler
   Definitions
      At line 262 in file ..\..\platform\LAUNCHXL-CC2640R2\library\Startup\star
tup_cc26x0.s
   Uses
      At line 123 in file ..\..\platform\LAUNCHXL-CC2640R2\library\Startup\star
tup_cc26x0.s
      At line 230 in file ..\..\platform\LAUNCHXL-CC2640R2\library\Startup\star
tup_cc26x0.s

AUXCompAIntHandler 0000001E

Symbol: AUXCompAIntHandler
   Definitions
      At line 265 in file ..\..\platform\LAUNCHXL-CC2640R2\library\Startup\star
tup_cc26x0.s
   Uses
      At line 127 in file ..\..\platform\LAUNCHXL-CC2640R2\library\Startup\star
tup_cc26x0.s
      At line 233 in file ..\..\platform\LAUNCHXL-CC2640R2\library\Startup\star
tup_cc26x0.s

BusFaultIntHandler 00000012

Symbol: BusFaultIntHandler
   Definitions
      At line 172 in file ..\..\platform\LAUNCHXL-CC2640R2\library\Startup\star
tup_cc26x0.s
   Uses
      At line 82 in file ..\..\platform\LAUNCHXL-CC2640R2\library\Startup\start
up_cc26x0.s
      At line 173 in file ..\..\platform\LAUNCHXL-CC2640R2\library\Startup\star
tup_cc26x0.s

CryptoIntHandler 0000001E

Symbol: CryptoIntHandler
   Definitions
      At line 257 in file ..\..\platform\LAUNCHXL-CC2640R2\library\Startup\star
tup_cc26x0.s
   Uses
      At line 118 in file ..\..\platform\LAUNCHXL-CC2640R2\library\Startup\star
tup_cc26x0.s
      At line 225 in file ..\..\platform\LAUNCHXL-CC2640R2\library\Startup\star
tup_cc26x0.s

DebugMonIntHandler 00000018

Symbol: DebugMonIntHandler
   Definitions
      At line 187 in file ..\..\platform\LAUNCHXL-CC2640R2\library\Startup\star
tup_cc26x0.s
   Uses
      At line 89 in file ..\..\platform\LAUNCHXL-CC2640R2\library\Startup\start
up_cc26x0.s
      At line 188 in file ..\..\platform\LAUNCHXL-CC2640R2\library\Startup\star
tup_cc26x0.s

DynProgIntHandler 0000001E



ARM Macro Assembler    Page 3 Alphabetic symbol ordering
Relocatable symbols


Symbol: DynProgIntHandler
   Definitions
      At line 264 in file ..\..\platform\LAUNCHXL-CC2640R2\library\Startup\star
tup_cc26x0.s
   Uses
      At line 125 in file ..\..\platform\LAUNCHXL-CC2640R2\library\Startup\star
tup_cc26x0.s
      At line 232 in file ..\..\platform\LAUNCHXL-CC2640R2\library\Startup\star
tup_cc26x0.s

FaultISR 0000000E

Symbol: FaultISR
   Definitions
      At line 162 in file ..\..\platform\LAUNCHXL-CC2640R2\library\Startup\star
tup_cc26x0.s
   Uses
      At line 80 in file ..\..\platform\LAUNCHXL-CC2640R2\library\Startup\start
up_cc26x0.s
      At line 151 in file ..\..\platform\LAUNCHXL-CC2640R2\library\Startup\star
tup_cc26x0.s
      At line 163 in file ..\..\platform\LAUNCHXL-CC2640R2\library\Startup\star
tup_cc26x0.s

FlashIntHandler 0000001E

Symbol: FlashIntHandler
   Definitions
      At line 260 in file ..\..\platform\LAUNCHXL-CC2640R2\library\Startup\star
tup_cc26x0.s
   Uses
      At line 121 in file ..\..\platform\LAUNCHXL-CC2640R2\library\Startup\star
tup_cc26x0.s
      At line 228 in file ..\..\platform\LAUNCHXL-CC2640R2\library\Startup\star
tup_cc26x0.s

GPIOIntHandler 0000001E

Symbol: GPIOIntHandler
   Definitions
      At line 236 in file ..\..\platform\LAUNCHXL-CC2640R2\library\Startup\star
tup_cc26x0.s
   Uses
      At line 95 in file ..\..\platform\LAUNCHXL-CC2640R2\library\Startup\start
up_cc26x0.s
      At line 204 in file ..\..\platform\LAUNCHXL-CC2640R2\library\Startup\star
tup_cc26x0.s

I2CIntHandler 0000001E

Symbol: I2CIntHandler
   Definitions
      At line 237 in file ..\..\platform\LAUNCHXL-CC2640R2\library\Startup\star
tup_cc26x0.s
   Uses
      At line 96 in file ..\..\platform\LAUNCHXL-CC2640R2\library\Startup\start
up_cc26x0.s
      At line 205 in file ..\..\platform\LAUNCHXL-CC2640R2\library\Startup\star



ARM Macro Assembler    Page 4 Alphabetic symbol ordering
Relocatable symbols

tup_cc26x0.s

I2SIntHandler 0000001E

Symbol: I2SIntHandler
   Definitions
      At line 247 in file ..\..\platform\LAUNCHXL-CC2640R2\library\Startup\star
tup_cc26x0.s
   Uses
      At line 107 in file ..\..\platform\LAUNCHXL-CC2640R2\library\Startup\star
tup_cc26x0.s
      At line 215 in file ..\..\platform\LAUNCHXL-CC2640R2\library\Startup\star
tup_cc26x0.s

IntDefaultHandler 0000001E

Symbol: IntDefaultHandler
   Definitions
      At line 203 in file ..\..\platform\LAUNCHXL-CC2640R2\library\Startup\star
tup_cc26x0.s
   Uses
      At line 101 in file ..\..\platform\LAUNCHXL-CC2640R2\library\Startup\star
tup_cc26x0.s
      At line 108 in file ..\..\platform\LAUNCHXL-CC2640R2\library\Startup\star
tup_cc26x0.s

MPUFaultIntHandler 00000010

Symbol: MPUFaultIntHandler
   Definitions
      At line 167 in file ..\..\platform\LAUNCHXL-CC2640R2\library\Startup\star
tup_cc26x0.s
   Uses
      At line 81 in file ..\..\platform\LAUNCHXL-CC2640R2\library\Startup\start
up_cc26x0.s
      At line 168 in file ..\..\platform\LAUNCHXL-CC2640R2\library\Startup\star
tup_cc26x0.s

NmiSR 0000000C

Symbol: NmiSR
   Definitions
      At line 158 in file ..\..\platform\LAUNCHXL-CC2640R2\library\Startup\star
tup_cc26x0.s
   Uses
      At line 79 in file ..\..\platform\LAUNCHXL-CC2640R2\library\Startup\start
up_cc26x0.s
      At line 159 in file ..\..\platform\LAUNCHXL-CC2640R2\library\Startup\star
tup_cc26x0.s

PendSVIntHandler 0000001A

Symbol: PendSVIntHandler
   Definitions
      At line 192 in file ..\..\platform\LAUNCHXL-CC2640R2\library\Startup\star
tup_cc26x0.s
   Uses
      At line 91 in file ..\..\platform\LAUNCHXL-CC2640R2\library\Startup\start
up_cc26x0.s



ARM Macro Assembler    Page 5 Alphabetic symbol ordering
Relocatable symbols

      At line 193 in file ..\..\platform\LAUNCHXL-CC2640R2\library\Startup\star
tup_cc26x0.s

RFCCPE0IntHandler 0000001E

Symbol: RFCCPE0IntHandler
   Definitions
      At line 244 in file ..\..\platform\LAUNCHXL-CC2640R2\library\Startup\star
tup_cc26x0.s
   Uses
      At line 104 in file ..\..\platform\LAUNCHXL-CC2640R2\library\Startup\star
tup_cc26x0.s
      At line 212 in file ..\..\platform\LAUNCHXL-CC2640R2\library\Startup\star
tup_cc26x0.s

RFCCPE1IntHandler 0000001E

Symbol: RFCCPE1IntHandler
   Definitions
      At line 238 in file ..\..\platform\LAUNCHXL-CC2640R2\library\Startup\star
tup_cc26x0.s
   Uses
      At line 97 in file ..\..\platform\LAUNCHXL-CC2640R2\library\Startup\start
up_cc26x0.s
      At line 206 in file ..\..\platform\LAUNCHXL-CC2640R2\library\Startup\star
tup_cc26x0.s

RFCCmdAckIntHandler 0000001E

Symbol: RFCCmdAckIntHandler
   Definitions
      At line 246 in file ..\..\platform\LAUNCHXL-CC2640R2\library\Startup\star
tup_cc26x0.s
   Uses
      At line 106 in file ..\..\platform\LAUNCHXL-CC2640R2\library\Startup\star
tup_cc26x0.s
      At line 214 in file ..\..\platform\LAUNCHXL-CC2640R2\library\Startup\star
tup_cc26x0.s

RFCHardwareIntHandler 0000001E

Symbol: RFCHardwareIntHandler
   Definitions
      At line 245 in file ..\..\platform\LAUNCHXL-CC2640R2\library\Startup\star
tup_cc26x0.s
   Uses
      At line 105 in file ..\..\platform\LAUNCHXL-CC2640R2\library\Startup\star
tup_cc26x0.s
      At line 213 in file ..\..\platform\LAUNCHXL-CC2640R2\library\Startup\star
tup_cc26x0.s

ResetISR 00000000

Symbol: ResetISR
   Definitions
      At line 140 in file ..\..\platform\LAUNCHXL-CC2640R2\library\Startup\star
tup_cc26x0.s
   Uses
      At line 78 in file ..\..\platform\LAUNCHXL-CC2640R2\library\Startup\start



ARM Macro Assembler    Page 6 Alphabetic symbol ordering
Relocatable symbols

up_cc26x0.s
      At line 141 in file ..\..\platform\LAUNCHXL-CC2640R2\library\Startup\star
tup_cc26x0.s

SSI0IntHandler 0000001E

Symbol: SSI0IntHandler
   Definitions
      At line 242 in file ..\..\platform\LAUNCHXL-CC2640R2\library\Startup\star
tup_cc26x0.s
   Uses
      At line 102 in file ..\..\platform\LAUNCHXL-CC2640R2\library\Startup\star
tup_cc26x0.s
      At line 210 in file ..\..\platform\LAUNCHXL-CC2640R2\library\Startup\star
tup_cc26x0.s

SSI1IntHandler 0000001E

Symbol: SSI1IntHandler
   Definitions
      At line 243 in file ..\..\platform\LAUNCHXL-CC2640R2\library\Startup\star
tup_cc26x0.s
   Uses
      At line 103 in file ..\..\platform\LAUNCHXL-CC2640R2\library\Startup\star
tup_cc26x0.s
      At line 211 in file ..\..\platform\LAUNCHXL-CC2640R2\library\Startup\star
tup_cc26x0.s

SVCallIntHandler 00000016

Symbol: SVCallIntHandler
   Definitions
      At line 182 in file ..\..\platform\LAUNCHXL-CC2640R2\library\Startup\star
tup_cc26x0.s
   Uses
      At line 88 in file ..\..\platform\LAUNCHXL-CC2640R2\library\Startup\start
up_cc26x0.s
      At line 183 in file ..\..\platform\LAUNCHXL-CC2640R2\library\Startup\star
tup_cc26x0.s

SWEvent0IntHandler 0000001E

Symbol: SWEvent0IntHandler
   Definitions
      At line 261 in file ..\..\platform\LAUNCHXL-CC2640R2\library\Startup\star
tup_cc26x0.s
   Uses
      At line 122 in file ..\..\platform\LAUNCHXL-CC2640R2\library\Startup\star
tup_cc26x0.s
      At line 229 in file ..\..\platform\LAUNCHXL-CC2640R2\library\Startup\star
tup_cc26x0.s

SysTickIntHandler 0000001C

Symbol: SysTickIntHandler
   Definitions
      At line 197 in file ..\..\platform\LAUNCHXL-CC2640R2\library\Startup\star
tup_cc26x0.s
   Uses



ARM Macro Assembler    Page 7 Alphabetic symbol ordering
Relocatable symbols

      At line 92 in file ..\..\platform\LAUNCHXL-CC2640R2\library\Startup\start
up_cc26x0.s
      At line 198 in file ..\..\platform\LAUNCHXL-CC2640R2\library\Startup\star
tup_cc26x0.s

TRNGIntHandler 0000001E

Symbol: TRNGIntHandler
   Definitions
      At line 267 in file ..\..\platform\LAUNCHXL-CC2640R2\library\Startup\star
tup_cc26x0.s
   Uses
      At line 130 in file ..\..\platform\LAUNCHXL-CC2640R2\library\Startup\star
tup_cc26x0.s
      At line 235 in file ..\..\platform\LAUNCHXL-CC2640R2\library\Startup\star
tup_cc26x0.s

Timer0AIntHandler 0000001E

Symbol: Timer0AIntHandler
   Definitions
      At line 249 in file ..\..\platform\LAUNCHXL-CC2640R2\library\Startup\star
tup_cc26x0.s
   Uses
      At line 110 in file ..\..\platform\LAUNCHXL-CC2640R2\library\Startup\star
tup_cc26x0.s
      At line 217 in file ..\..\platform\LAUNCHXL-CC2640R2\library\Startup\star
tup_cc26x0.s

Timer0BIntHandler 0000001E

Symbol: Timer0BIntHandler
   Definitions
      At line 250 in file ..\..\platform\LAUNCHXL-CC2640R2\library\Startup\star
tup_cc26x0.s
   Uses
      At line 111 in file ..\..\platform\LAUNCHXL-CC2640R2\library\Startup\star
tup_cc26x0.s
      At line 218 in file ..\..\platform\LAUNCHXL-CC2640R2\library\Startup\star
tup_cc26x0.s

Timer1AIntHandler 0000001E

Symbol: Timer1AIntHandler
   Definitions
      At line 251 in file ..\..\platform\LAUNCHXL-CC2640R2\library\Startup\star
tup_cc26x0.s
   Uses
      At line 112 in file ..\..\platform\LAUNCHXL-CC2640R2\library\Startup\star
tup_cc26x0.s
      At line 219 in file ..\..\platform\LAUNCHXL-CC2640R2\library\Startup\star
tup_cc26x0.s

Timer1BIntHandler 0000001E

Symbol: Timer1BIntHandler
   Definitions
      At line 252 in file ..\..\platform\LAUNCHXL-CC2640R2\library\Startup\star
tup_cc26x0.s



ARM Macro Assembler    Page 8 Alphabetic symbol ordering
Relocatable symbols

   Uses
      At line 113 in file ..\..\platform\LAUNCHXL-CC2640R2\library\Startup\star
tup_cc26x0.s
      At line 220 in file ..\..\platform\LAUNCHXL-CC2640R2\library\Startup\star
tup_cc26x0.s

Timer2AIntHandler 0000001E

Symbol: Timer2AIntHandler
   Definitions
      At line 253 in file ..\..\platform\LAUNCHXL-CC2640R2\library\Startup\star
tup_cc26x0.s
   Uses
      At line 114 in file ..\..\platform\LAUNCHXL-CC2640R2\library\Startup\star
tup_cc26x0.s
      At line 221 in file ..\..\platform\LAUNCHXL-CC2640R2\library\Startup\star
tup_cc26x0.s

Timer2BIntHandler 0000001E

Symbol: Timer2BIntHandler
   Definitions
      At line 254 in file ..\..\platform\LAUNCHXL-CC2640R2\library\Startup\star
tup_cc26x0.s
   Uses
      At line 115 in file ..\..\platform\LAUNCHXL-CC2640R2\library\Startup\star
tup_cc26x0.s
      At line 222 in file ..\..\platform\LAUNCHXL-CC2640R2\library\Startup\star
tup_cc26x0.s

Timer3AIntHandler 0000001E

Symbol: Timer3AIntHandler
   Definitions
      At line 255 in file ..\..\platform\LAUNCHXL-CC2640R2\library\Startup\star
tup_cc26x0.s
   Uses
      At line 116 in file ..\..\platform\LAUNCHXL-CC2640R2\library\Startup\star
tup_cc26x0.s
      At line 223 in file ..\..\platform\LAUNCHXL-CC2640R2\library\Startup\star
tup_cc26x0.s

Timer3BIntHandler 0000001E

Symbol: Timer3BIntHandler
   Definitions
      At line 256 in file ..\..\platform\LAUNCHXL-CC2640R2\library\Startup\star
tup_cc26x0.s
   Uses
      At line 117 in file ..\..\platform\LAUNCHXL-CC2640R2\library\Startup\star
tup_cc26x0.s
      At line 224 in file ..\..\platform\LAUNCHXL-CC2640R2\library\Startup\star
tup_cc26x0.s

UART0IntHandler 0000001E

Symbol: UART0IntHandler
   Definitions
      At line 241 in file ..\..\platform\LAUNCHXL-CC2640R2\library\Startup\star



ARM Macro Assembler    Page 9 Alphabetic symbol ordering
Relocatable symbols

tup_cc26x0.s
   Uses
      At line 100 in file ..\..\platform\LAUNCHXL-CC2640R2\library\Startup\star
tup_cc26x0.s
      At line 209 in file ..\..\platform\LAUNCHXL-CC2640R2\library\Startup\star
tup_cc26x0.s

UsageFaultIntHandler 00000014

Symbol: UsageFaultIntHandler
   Definitions
      At line 177 in file ..\..\platform\LAUNCHXL-CC2640R2\library\Startup\star
tup_cc26x0.s
   Uses
      At line 83 in file ..\..\platform\LAUNCHXL-CC2640R2\library\Startup\start
up_cc26x0.s
      At line 178 in file ..\..\platform\LAUNCHXL-CC2640R2\library\Startup\star
tup_cc26x0.s

WatchdogIntHandler 0000001E

Symbol: WatchdogIntHandler
   Definitions
      At line 248 in file ..\..\platform\LAUNCHXL-CC2640R2\library\Startup\star
tup_cc26x0.s
   Uses
      At line 109 in file ..\..\platform\LAUNCHXL-CC2640R2\library\Startup\star
tup_cc26x0.s
      At line 216 in file ..\..\platform\LAUNCHXL-CC2640R2\library\Startup\star
tup_cc26x0.s

__user_initial_stackheap 00000020

Symbol: __user_initial_stackheap
   Definitions
      At line 287 in file ..\..\platform\LAUNCHXL-CC2640R2\library\Startup\star
tup_cc26x0.s
   Uses
      At line 286 in file ..\..\platform\LAUNCHXL-CC2640R2\library\Startup\star
tup_cc26x0.s
Comment: __user_initial_stackheap used once
uDMAErrIntHandler 0000001E

Symbol: uDMAErrIntHandler
   Definitions
      At line 259 in file ..\..\platform\LAUNCHXL-CC2640R2\library\Startup\star
tup_cc26x0.s
   Uses
      At line 120 in file ..\..\platform\LAUNCHXL-CC2640R2\library\Startup\star
tup_cc26x0.s
      At line 227 in file ..\..\platform\LAUNCHXL-CC2640R2\library\Startup\star
tup_cc26x0.s

uDMAIntHandler 0000001E

Symbol: uDMAIntHandler
   Definitions
      At line 258 in file ..\..\platform\LAUNCHXL-CC2640R2\library\Startup\star
tup_cc26x0.s



ARM Macro Assembler    Page 10 Alphabetic symbol ordering
Relocatable symbols

   Uses
      At line 119 in file ..\..\platform\LAUNCHXL-CC2640R2\library\Startup\star
tup_cc26x0.s
      At line 226 in file ..\..\platform\LAUNCHXL-CC2640R2\library\Startup\star
tup_cc26x0.s

45 symbols



ARM Macro Assembler    Page 1 Alphabetic symbol ordering
Absolute symbols

Heap_Size 00000000

Symbol: Heap_Size
   Definitions
      At line 58 in file ..\..\platform\LAUNCHXL-CC2640R2\library\Startup\start
up_cc26x0.s
   Uses
      At line 62 in file ..\..\platform\LAUNCHXL-CC2640R2\library\Startup\start
up_cc26x0.s
      At line 291 in file ..\..\platform\LAUNCHXL-CC2640R2\library\Startup\star
tup_cc26x0.s

Stack_Size 00000200

Symbol: Stack_Size
   Definitions
      At line 47 in file ..\..\platform\LAUNCHXL-CC2640R2\library\Startup\start
up_cc26x0.s
   Uses
      At line 50 in file ..\..\platform\LAUNCHXL-CC2640R2\library\Startup\start
up_cc26x0.s
      At line 290 in file ..\..\platform\LAUNCHXL-CC2640R2\library\Startup\star
tup_cc26x0.s

__Vectors_Size 000000C8

Symbol: __Vectors_Size
   Definitions
      At line 133 in file ..\..\platform\LAUNCHXL-CC2640R2\library\Startup\star
tup_cc26x0.s
   Uses
      At line 75 in file ..\..\platform\LAUNCHXL-CC2640R2\library\Startup\start
up_cc26x0.s
Comment: __Vectors_Size used once
3 symbols



ARM Macro Assembler    Page 1 Alphabetic symbol ordering
External symbols

__main 00000000

Symbol: __main
   Definitions
      At line 143 in file ..\..\platform\LAUNCHXL-CC2640R2\library\Startup\star
tup_cc26x0.s
   Uses
      At line 148 in file ..\..\platform\LAUNCHXL-CC2640R2\library\Startup\star
tup_cc26x0.s
Comment: __main used once
__use_two_region_memory 00000000

Symbol: __use_two_region_memory
   Definitions
      At line 285 in file ..\..\platform\LAUNCHXL-CC2640R2\library\Startup\star
tup_cc26x0.s
   Uses
      None
Comment: __use_two_region_memory unused
trimDevice 00000000

Symbol: trimDevice
   Definitions
      At line 142 in file ..\..\platform\LAUNCHXL-CC2640R2\library\Startup\star
tup_cc26x0.s
   Uses
      At line 145 in file ..\..\platform\LAUNCHXL-CC2640R2\library\Startup\star
tup_cc26x0.s
Comment: trimDevice used once
3 symbols
396 symbols in table
